2022-12-11 20:52:54.987 - INFO - 18020 - azureml.train.automl._experiment_drivers.driver_utilities.modify_run_configuration:221 - Package azureml-train-automl missing from dependencies file.
2022-12-11 20:52:54.987 - INFO - 18020 - azureml.train.automl._experiment_drivers.driver_utilities.modify_run_configuration:227 - Using pinned version: azureml-train-automl==1.43.0.*
2022-12-11 20:52:54.988 - INFO - 18020 - azureml.train.automl._experiment_drivers.driver_utilities.modify_run_configuration:221 - Package pandas missing from dependencies file.
2022-12-11 20:52:54.992 - INFO - 18020 - azureml.train.automl._experiment_drivers.driver_utilities.modify_run_configuration:227 - Using pinned version: pandas==1.1.5
2022-12-11 20:52:54.993 - INFO - 18020 - azureml.train.automl._experiment_drivers.driver_utilities.modify_run_configuration:221 - Package psutil missing from dependencies file.
2022-12-11 20:52:54.993 - INFO - 18020 - azureml.train.automl._experiment_drivers.driver_utilities.modify_run_configuration:227 - Using pinned version: psutil>5.0.0,<6.0.0
2022-12-11 20:52:54.993 - INFO - 18020 - azureml.train.automl._experiment_drivers.driver_utilities.modify_run_configuration:221 - Package scikit-learn missing from dependencies file.
2022-12-11 20:52:54.993 - INFO - 18020 - azureml.train.automl._experiment_drivers.driver_utilities.modify_run_configuration:227 - Using pinned version: scikit-learn==0.22.1
2022-12-11 20:52:54.994 - INFO - 18020 - azureml.train.automl._experiment_drivers.driver_utilities.modify_run_configuration:221 - Package numpy missing from dependencies file.
2022-12-11 20:52:54.994 - INFO - 18020 - azureml.train.automl._experiment_drivers.driver_utilities.modify_run_configuration:227 - Using pinned version: numpy~=1.18.0
2022-12-11 20:52:54.994 - INFO - 18020 - azureml.train.automl._experiment_drivers.driver_utilities.modify_run_configuration:221 - Package py-xgboost missing from dependencies file.
2022-12-11 20:52:54.994 - INFO - 18020 - azureml.train.automl._experiment_drivers.driver_utilities.modify_run_configuration:227 - Using pinned version: py-xgboost==1.3.3
2022-12-11 20:52:54.999 - INFO - 18020 - azureml.train.automl._experiment_drivers.driver_utilities.modify_run_configuration:221 - Package inference-schema missing from dependencies file.
2022-12-11 20:52:55.000 - INFO - 18020 - azureml.train.automl._experiment_drivers.driver_utilities.modify_run_configuration:221 - Package fbprophet missing from dependencies file.
2022-12-11 20:52:55.000 - INFO - 18020 - azureml.train.automl._experiment_drivers.driver_utilities.modify_run_configuration:227 - Using pinned version: fbprophet==0.7.1
2022-12-11 20:52:55.000 - INFO - 18020 - azureml.train.automl._experiment_drivers.driver_utilities.modify_run_configuration:221 - Package holidays missing from dependencies file.
2022-12-11 20:52:55.000 - INFO - 18020 - azureml.train.automl._experiment_drivers.driver_utilities.modify_run_configuration:227 - Using pinned version: holidays==0.10.3
2022-12-11 20:52:55.000 - INFO - 18020 - azureml.train.automl._experiment_drivers.driver_utilities.modify_run_configuration:221 - Package joblib missing from dependencies file.
2022-12-11 20:52:55.002 - INFO - 18020 - azureml.train.automl._experiment_drivers.driver_utilities.modify_run_configuration:227 - Using pinned version: joblib==0.14.1
2022-12-11 20:52:55.002 - INFO - 18020 - azureml.train.automl._experiment_drivers.driver_utilities.modify_run_configuration:221 - Package pystan missing from dependencies file.
2022-12-11 20:52:55.002 - INFO - 18020 - azureml.train.automl._experiment_drivers.driver_utilities.modify_run_configuration:227 - Using pinned version: pystan==2.19.1.1
2022-12-11 20:52:55.002 - INFO - 18020 - azureml.train.automl._experiment_drivers.driver_utilities.modify_run_configuration:221 - Package setuptools-git missing from dependencies file.
2022-12-11 20:52:55.003 - INFO - 18020 - azureml.train.automl._experiment_drivers.driver_utilities.modify_run_configuration:231 - Using installed version: setuptools-git==1.2
2022-12-11 20:52:55.003 - INFO - 18020 - azureml.train.automl._experiment_drivers.driver_utilities.modify_run_configuration:221 - Package urllib3 missing from dependencies file.
2022-12-11 20:52:55.003 - INFO - 18020 - azureml.train.automl._experiment_drivers.driver_utilities.modify_run_configuration:231 - Using installed version: urllib3==1.26.7
2022-12-11 20:52:55.003 - INFO - 18020 - azureml.train.automl._experiment_drivers.driver_utilities.modify_run_configuration:221 - Package azure-core missing from dependencies file.
2022-12-11 20:52:55.003 - INFO - 18020 - azureml.train.automl._experiment_drivers.driver_utilities.modify_run_configuration:231 - Using installed version: azure-core==1.24.2
2022-12-11 20:52:55.004 - INFO - 18020 - azureml.automl.core.dataset_utilities._save_datasets_to_json:256 - JSON serialization of input of type <class 'NoneType'> is un-supported.
2022-12-11 20:52:55.004 - INFO - 18020 - azureml.automl.core.dataset_utilities._save_datasets_to_json:256 - JSON serialization of input of type <class 'NoneType'> is un-supported.
2022-12-11 20:52:55.005 - INFO - 18020 - azureml.train.automl._experiment_drivers.driver_utilities.validate_input:124 - Start data validation.
2022-12-11 20:52:58.079 - INFO - 18020 - azureml.train.automl._experiment_drivers.driver_utilities.validate_input:137 - Validation service found the data has no errors.
2022-12-11 20:52:58.080 - INFO - 18020 - azureml.train.automl._experiment_drivers.driver_utilities.create_remote_parent_run:381 - Start creating parent run.
2022-12-11 20:52:58.793 - INFO - 18020 - azureml.train.automl._experiment_drivers.driver_utilities.create_remote_parent_run:401 - [ParentRunID:AutoML_77ae1acb-3af5-4ec5-8249-a670f2657692] Remote run using input X and y.
2022-12-11 20:52:59.643 - INFO - 18020 - azureml.train.automl._experiment_drivers.driver_utilities.start_remote_run:336 - Starting a snapshot run (snapshot_id : None)
